# JRE version: OpenJDK Runtime Environment Temurin-21.0.10+7 (21.0.10+7) (build 21.0.10+7-LTS)
# Java VM: OpenJDK 64-Bit Server VM Temurin-21.0.10+7 (21.0.10+7-LTS, mixed mode, sharing, tiered, compressed oops, compressed class ptrs, g1 gc, windows-amd64)
GC Precious Log:
 CardTable entry size: 512
 Card Set container configuration: InlinePtr #cards 4 size 8 Array Of Cards #cards 32 size 80 Howl #buckets 8 coarsen threshold 7372 Howl Bitmap #cards 1024 size 144 coarsen threshold 921 Card regions per heap region 1 cards per card region 8192
 CPUs: 12 total, 12 available
 Memory: 7531M
 Large Page Support: Disabled
 NUMA Support: Disabled
 Compressed Oops: Enabled (Zero based)
 Heap Region Size: 4M
 Heap Min Capacity: 8M
 Heap Initial Capacity: 120M
 Heap Max Capacity: 8G
 Pre-touch: Disabled
 Parallel Workers: 10
 Concurrent Workers: 3
 Concurrent Refinement Workers: 10
 Periodic GC: Disabled
Heap:
 garbage-first heap   total 221184K, used 199004K [0x0000000600000000, 0x0000000800000000)
  region size 4096K, 15 young (61440K), 2 survivors (8192K)
 Metaspace       used 113585K, committed 115904K, reserved 1179648K
  class space    used 16324K, committed 17472K, reserved 1048576K
GC Heap History (20 events):
Event: 65.764 GC heap after
{Heap after GC invocations=26 (full 0):
 garbage-first heap   total 151552K, used 94794K [0x0000000600000000, 0x0000000800000000)
  region size 4096K, 2 young (8192K), 2 survivors (8192K)
 Metaspace       used 77323K, committed 79552K, reserved 1179648K
  class space    used 11324K, committed 12416K, reserved 1048576K
}
Event: 66.410 GC heap before
{Heap before GC invocations=26 (full 0):
 garbage-first heap   total 151552K, used 127562K [0x0000000600000000, 0x0000000800000000)
  region size 4096K, 10 young (40960K), 2 survivors (8192K)
 Metaspace       used 81690K, committed 83840K, reserved 1179648K
  class space    used 12321K, committed 13376K, reserved 1048576K
}
Event: 66.417 GC heap after
{Heap after GC invocations=27 (full 0):
 garbage-first heap   total 151552K, used 95933K [0x0000000600000000, 0x0000000800000000)
  region size 4096K, 1 young (4096K), 1 survivors (4096K)
 Metaspace       used 81690K, committed 83840K, reserved 1179648K
  class space    used 12321K, committed 13376K, reserved 1048576K
}
Event: 66.851 GC heap before
{Heap before GC invocations=27 (full 0):
 garbage-first heap   total 151552K, used 124605K [0x0000000600000000, 0x0000000800000000)
  region size 4096K, 9 young (36864K), 1 survivors (4096K)
 Metaspace       used 84047K, committed 86208K, reserved 1179648K
  class space    used 12623K, committed 13696K, reserved 1048576K
}
Event: 66.854 GC heap after
{Heap after GC invocations=28 (full 0):
 garbage-first heap   total 151552K, used 101018K [0x0000000600000000, 0x0000000800000000)
  region size 4096K, 2 young (8192K), 2 survivors (8192K)
 Metaspace       used 84047K, committed 86208K, reserved 1179648K
  class space    used 12623K, committed 13696K, reserved 1048576K
}
Event: 67.180 GC heap before
{Heap before GC invocations=29 (full 0):
 garbage-first heap   total 172032K, used 129690K [0x0000000600000000, 0x0000000800000000)
  region size 4096K, 9 young (36864K), 2 survivors (8192K)
 Metaspace       used 86723K, committed 88960K, reserved 1179648K
  class space    used 12924K, committed 14016K, reserved 1048576K
}
Event: 67.186 GC heap after
{Heap after GC invocations=30 (full 0):
 garbage-first heap   total 172032K, used 102096K [0x0000000600000000, 0x0000000800000000)
  region size 4096K, 1 young (4096K), 1 survivors (4096K)
 Metaspace       used 86723K, committed 88960K, reserved 1179648K
  class space    used 12924K, committed 14016K, reserved 1048576K
}
Event: 67.633 GC heap before
{Heap before GC invocations=30 (full 0):
 garbage-first heap   total 172032K, used 143056K [0x0000000600000000, 0x0000000800000000)
  region size 4096K, 12 young (49152K), 1 survivors (4096K)
 Metaspace       used 89703K, committed 91968K, reserved 1179648K
  class space    used 13300K, committed 14400K, reserved 1048576K
}
Event: 67.638 GC heap after
{Heap after GC invocations=31 (full 0):
 garbage-first heap   total 208896K, used 106806K [0x0000000600000000, 0x0000000800000000)
  region size 4096K, 2 young (8192K), 2 survivors (8192K)
 Metaspace       used 89703K, committed 91968K, reserved 1179648K
  class space    used 13300K, committed 14400K, reserved 1048576K
}
Event: 68.586 GC heap before
{Heap before GC invocations=31 (full 0):
 garbage-first heap   total 208896K, used 180534K [0x0000000600000000, 0x0000000800000000)
  region size 4096K, 20 young (81920K), 2 survivors (8192K)
 Metaspace       used 95449K, committed 97728K, reserved 1179648K
  class space    used 14050K, committed 15168K, reserved 1048576K
}
Event: 68.591 GC heap after
{Heap after GC invocations=32 (full 0):
 garbage-first heap   total 208896K, used 109851K [0x0000000600000000, 0x0000000800000000)
  region size 4096K, 3 young (12288K), 3 survivors (12288K)
 Metaspace       used 95449K, committed 97728K, reserved 1179648K
  class space    used 14050K, committed 15168K, reserved 1048576K
}
Event: 69.239 GC heap before
{Heap before GC invocations=33 (full 0):
 garbage-first heap   total 208896K, used 183579K [0x0000000600000000, 0x0000000800000000)
  region size 4096K, 21 young (86016K), 3 survivors (12288K)
 Metaspace       used 98774K, committed 101120K, reserved 1179648K
  class space    used 14532K, committed 15680K, reserved 1048576K
}
Event: 69.246 GC heap after
{Heap after GC invocations=34 (full 0):
 garbage-first heap   total 208896K, used 117106K [0x0000000600000000, 0x0000000800000000)
  region size 4096K, 3 young (12288K), 3 survivors (12288K)
 Metaspace       used 98774K, committed 101120K, reserved 1179648K
  class space    used 14532K, committed 15680K, reserved 1048576K
}
Event: 69.960 GC heap before
{Heap before GC invocations=34 (full 0):
 garbage-first heap   total 208896K, used 182642K [0x0000000600000000, 0x0000000800000000)
  region size 4096K, 19 young (77824K), 3 survivors (12288K)
 Metaspace       used 107466K, committed 109824K, reserved 1179648K
  class space    used 15632K, committed 16768K, reserved 1048576K
}
Event: 69.967 GC heap after
{Heap after GC invocations=35 (full 0):
 garbage-first heap   total 208896K, used 118726K [0x0000000600000000, 0x0000000800000000)
  region size 4096K, 1 young (4096K), 1 survivors (4096K)
 Metaspace       used 107466K, committed 109824K, reserved 1179648K
  class space    used 15632K, committed 16768K, reserved 1048576K
}
Event: 70.118 GC heap before
{Heap before GC invocations=35 (full 0):
 garbage-first heap   total 208896K, used 126918K [0x0000000600000000, 0x0000000800000000)
  region size 4096K, 5 young (20480K), 1 survivors (4096K)
 Metaspace       used 109243K, committed 111616K, reserved 1179648K
  class space    used 15846K, committed 17024K, reserved 1048576K
}
Event: 70.120 GC heap after
{Heap after GC invocations=36 (full 0):
 garbage-first heap   total 208896K, used 118218K [0x0000000600000000, 0x0000000800000000)
  region size 4096K, 1 young (4096K), 1 survivors (4096K)
 Metaspace       used 109243K, committed 111616K, reserved 1179648K
  class space    used 15846K, committed 17024K, reserved 1048576K
}
Event: 70.379 GC heap before
{Heap before GC invocations=37 (full 0):
 garbage-first heap   total 221184K, used 191946K [0x0000000600000000, 0x0000000800000000)
  region size 4096K, 18 young (73728K), 1 survivors (4096K)
 Metaspace       used 109646K, committed 112064K, reserved 1179648K
  class space    used 15858K, committed 17024K, reserved 1048576K
}
Event: 70.393 GC heap after
{Heap after GC invocations=38 (full 0):
 garbage-first heap   total 221184K, used 137564K [0x0000000600000000, 0x0000000800000000)
  region size 4096K, 3 young (12288K), 3 survivors (12288K)
 Metaspace       used 109646K, committed 112064K, reserved 1179648K
  class space    used 15858K, committed 17024K, reserved 1048576K
}
Event: 73.153 GC heap before
{Heap before GC invocations=38 (full 0):
 garbage-first heap   total 221184K, used 199004K [0x0000000600000000, 0x0000000800000000)
  region size 4096K, 16 young (65536K), 3 survivors (12288K)
 Metaspace       used 113585K, committed 115904K, reserved 1179648K
  class space    used 16324K, committed 17472K, reserved 1048576K
}

